2025-09-26 14:07:30,812 [INFO] in run: Application startup complete
2025-09-26 14:09:11,878 [INFO] in run: Application startup complete
2025-09-26 14:09:20,047 [INFO] in run: Application startup complete
2025-09-26 14:09:26,618 [INFO] in run: Application startup complete
2025-09-26 14:09:33,001 [INFO] in run: Application startup complete
2025-09-26 14:09:35,824 [INFO] in run: Application startup complete
2025-09-26 14:09:35,837 [INFO] in run: Application startup complete
2025-09-26 14:09:35,888 [INFO] in run: Application startup complete
2025-09-26 14:10:37,353 [INFO] in run: Application startup complete
2025-09-26 14:40:47,829 [INFO] in run: Application startup complete
2025-09-26 14:41:35,715 [INFO] in run: Application startup complete
2025-09-26 14:41:35,799 [INFO] in run: Application startup complete
2025-09-26 14:41:35,825 [INFO] in run: Application startup complete
2025-09-26 14:41:35,844 [INFO] in run: Application startup complete
2025-09-26 14:41:35,921 [INFO] in run: Application startup complete
2026-02-10 17:45:34,582 [INFO] in run: Application startup complete
2026-02-10 17:45:37,431 [INFO] in run: Application startup complete
2026-02-10 17:47:40,780 [INFO] in run: Application startup complete
2026-02-10 17:47:43,852 [INFO] in run: Application startup complete
2026-02-10 17:48:39,633 [INFO] in run: Application startup complete
2026-02-10 17:50:29,546 [INFO] in run: Application startup complete
2026-02-10 17:51:07,337 [INFO] in run: Application startup complete
2026-02-10 17:52:27,313 [INFO] in run: Application startup complete
2026-02-10 17:56:50,177 [INFO] in run: Application startup complete
2026-02-10 17:57:51,121 [INFO] in run: Application startup complete
2026-02-10 17:59:08,480 [INFO] in run: Application startup complete
2026-02-10 18:01:00,757 [INFO] in run: Application startup complete
2026-02-10 18:02:28,772 [INFO] in run: Application startup complete
2026-02-10 18:09:47,044 [INFO] in run: Application startup complete
2026-02-10 18:10:27,516 [INFO] in run: Application startup complete
2026-02-10 18:11:59,469 [INFO] in run: Application startup complete
2026-02-10 18:13:10,004 [INFO] in run: Application startup complete
2026-02-10 18:13:24,079 [INFO] in run: Application startup complete
2026-02-10 18:15:51,105 [INFO] in run: Application startup complete
2026-02-10 18:17:47,282 [INFO] in run: Application startup complete
2026-02-10 18:22:52,240 [INFO] in run: Application startup complete
2026-02-10 18:22:57,932 [INFO] in run: Application startup complete
2026-02-10 18:24:14,675 [INFO] in run: Application startup complete
2026-02-10 18:24:21,872 [INFO] in run: Application startup complete
2026-02-10 18:24:42,766 [INFO] in run: Application startup complete
2026-02-10 18:25:04,140 [INFO] in run: Application startup complete
2026-02-10 18:25:10,877 [INFO] in run: Application startup complete
2026-02-10 18:27:12,865 [INFO] in run: Application startup complete
2026-02-10 18:36:53,381 [INFO] in run: Application startup complete
2026-02-10 18:37:12,436 [INFO] in run: Application startup complete
2026-02-10 18:37:49,282 [INFO] in run: Application startup complete
2026-02-10 18:39:34,946 [INFO] in run: Application startup complete
2026-02-10 18:40:28,861 [INFO] in run: Application startup complete
2026-02-10 18:40:54,037 [INFO] in run: Application startup complete
2026-02-10 18:41:39,005 [INFO] in run: Application startup complete
2026-02-10 18:42:04,604 [INFO] in run: Application startup complete
2026-02-10 18:42:30,010 [INFO] in run: Application startup complete
2026-02-10 18:43:00,744 [INFO] in run: Application startup complete
2026-02-10 18:43:50,332 [INFO] in run: Application startup complete
2026-02-10 18:44:36,807 [INFO] in run: Application startup complete
2026-02-10 18:45:40,587 [INFO] in run: Application startup complete
2026-02-10 18:46:04,564 [INFO] in run: Application startup complete
2026-02-10 18:46:13,278 [INFO] in run: Application startup complete
2026-02-10 18:46:23,674 [INFO] in run: Application startup complete
2026-02-10 18:46:49,488 [INFO] in run: Application startup complete
2026-02-10 18:47:33,460 [INFO] in run: Application startup complete
2026-02-10 18:47:59,354 [INFO] in run: Application startup complete
2026-02-10 18:48:46,593 [INFO] in run: Application startup complete
2026-02-10 18:49:14,356 [INFO] in run: Application startup complete
2026-02-10 18:52:41,957 [INFO] in run: Application startup complete
2026-02-10 19:03:00,872 [INFO] in run: Application startup complete
2026-02-10 19:05:57,323 [INFO] in run: Application startup complete
2026-02-10 19:07:00,586 [INFO] in run: Application startup complete
2026-02-10 19:08:31,949 [INFO] in run: Application startup complete
2026-02-10 19:09:07,325 [INFO] in run: Application startup complete
2026-02-10 19:09:21,302 [INFO] in run: Application startup complete
2026-02-10 19:09:58,220 [INFO] in run: Application startup complete
2026-02-10 19:10:24,676 [INFO] in run: Application startup complete
2026-02-10 19:47:28,774 [INFO] in run: Application startup complete
2026-02-10 19:54:14,768 [INFO] in run: Application startup complete
2026-02-10 20:10:58,423 [INFO] in person: Syncing lead 51bfb771-6fe0-485e-a03f-b2463a95536b with status 4
2026-02-10 20:10:58,441 [INFO] in person: Created/Updated customer 513cc848-7692-4671-b25e-b27f36838f68 for lead 51bfb771-6fe0-485e-a03f-b2463a95536b
2026-02-10 20:12:11,831 [INFO] in person: Syncing updated lead 51bfb771-6fe0-485e-a03f-b2463a95536b with status 5
2026-02-10 20:13:03,909 [INFO] in person: Syncing updated lead 51bfb771-6fe0-485e-a03f-b2463a95536b with status 4
2026-02-10 20:13:59,142 [INFO] in customer: Updating customer 513cc848-7692-4671-b25e-b27f36838f68 with data: {'first_name': 'Paras', 'last_name': 'Sharma', 'mobile': '8396923125', 'email': None, 'gst': '839692312549028', 'person_type_id': 1, 'status': '5', 'address1': None, 'address2': None, 'city': 'Yamunanagar', 'state': 'HR', 'country': 'IN', 'pin': '135001', 'reason': 'Lose', 'customer_id': '513cc848-7692-4671-b25e-b27f36838f68', 'uuid': '513cc848-7692-4671-b25e-b27f36838f68', 'same_as_billing': True}
2026-02-10 20:38:48,997 [INFO] in run: Application startup complete
2026-02-10 20:43:38,436 [INFO] in run: Application startup complete
2026-02-10 20:43:49,293 [INFO] in run: Application startup complete
2026-02-10 20:43:55,211 [INFO] in run: Application startup complete
2026-02-10 20:49:27,055 [INFO] in customer: Updating customer 513cc848-7692-4671-b25e-b27f36838f68 with data: {'first_name': 'Paras', 'last_name': 'Sharma', 'mobile': '8396923125', 'email': None, 'gst': '839692312549028', 'person_type_id': 1, 'status': '5', 'address1': None, 'address2': None, 'city': 'Yamunanagar', 'state': 'HR', 'country': 'IN', 'pin': '135001', 'reason': 'Lose', 'customer_id': '513cc848-7692-4671-b25e-b27f36838f68', 'uuid': '513cc848-7692-4671-b25e-b27f36838f68', 'same_as_billing': True}
2026-02-10 20:51:33,674 [INFO] in person: Syncing updated lead 51bfb771-6fe0-485e-a03f-b2463a95536b with status 5
2026-02-10 20:53:08,810 [INFO] in run: Application startup complete
2026-02-10 20:55:45,766 [INFO] in customer: Updating customer 513cc848-7692-4671-b25e-b27f36838f68 with data: {'first_name': 'Paras', 'last_name': 'Sharma', 'mobile': '8396923125', 'email': None, 'gst': '839692312549028', 'person_type_id': 1, 'status': '5', 'address1': None, 'address2': None, 'city': 'Yamunanagar', 'state': 'HR', 'country': 'IN', 'pin': '135001', 'reason': 'Lose', 'customer_id': '513cc848-7692-4671-b25e-b27f36838f68', 'uuid': '513cc848-7692-4671-b25e-b27f36838f68', 'same_as_billing': True}
2026-02-10 21:06:11,819 [INFO] in customer: Updating customer 513cc848-7692-4671-b25e-b27f36838f68 with data: {'first_name': 'Paras', 'last_name': 'Sharma', 'mobile': '8396923125', 'email': None, 'gst': '839692312549028', 'person_type_id': 1, 'status': '4', 'address1': None, 'address2': None, 'city': 'Yamunanagar', 'state': 'HR', 'country': 'IN', 'pin': '135001', 'reason': 'Lose', 'customer_id': '513cc848-7692-4671-b25e-b27f36838f68', 'uuid': '513cc848-7692-4671-b25e-b27f36838f68', 'same_as_billing': True}
2026-02-10 21:06:22,250 [INFO] in customer: Updating customer 513cc848-7692-4671-b25e-b27f36838f68 with data: {'first_name': 'Paras', 'last_name': 'Sharma', 'mobile': '8396923125', 'email': None, 'gst': '839692312549028', 'person_type_id': 1, 'status': '5', 'address1': None, 'address2': None, 'city': 'Yamunanagar', 'state': 'HR', 'country': 'IN', 'pin': '135001', 'reason': 'Lose', 'customer_id': '513cc848-7692-4671-b25e-b27f36838f68', 'uuid': '513cc848-7692-4671-b25e-b27f36838f68', 'same_as_billing': True}
2026-02-11 15:36:01,293 [INFO] in person: Syncing updated lead 51bfb771-6fe0-485e-a03f-b2463a95536b with status 4
2026-02-11 15:36:45,966 [INFO] in person: Syncing lead 9f495061-6c4e-43fd-84ca-f49d30fe38b9 with status 4
2026-02-11 15:36:45,996 [INFO] in person: Created/Updated customer a9dafcf5-8dd7-4ee0-83e8-e9001510393b for lead 9f495061-6c4e-43fd-84ca-f49d30fe38b9
2026-02-17 20:21:51,044 [INFO] in run: Application startup complete
2026-02-17 20:22:04,187 [INFO] in run: Application startup complete
2026-02-20 16:39:54,835 [INFO] in run: Application startup complete
2026-02-20 16:41:55,003 [INFO] in run: Application startup complete
2026-02-20 16:42:23,680 [INFO] in run: Application startup complete
2026-03-16 22:49:35,588 [INFO] in run: Application startup complete
2026-03-16 22:49:47,424 [INFO] in run: Application startup complete
2026-03-16 22:50:00,175 [INFO] in run: Application startup complete
2026-03-16 22:50:14,405 [INFO] in run: Application startup complete
2026-03-16 22:50:38,296 [INFO] in run: Application startup complete
2026-03-18 15:41:57,031 [INFO] in run: Application startup complete
2026-03-18 15:42:15,740 [INFO] in run: Application startup complete
2026-03-18 15:42:18,748 [INFO] in run: Application startup complete
2026-03-18 15:47:52,624 [INFO] in run: Application startup complete
2026-03-18 15:47:57,311 [INFO] in run: Application startup complete
2026-03-18 15:51:15,476 [INFO] in run: Application startup complete
2026-03-18 15:51:19,612 [INFO] in run: Application startup complete
2026-03-18 15:54:09,488 [INFO] in run: Application startup complete
2026-03-18 15:54:13,942 [INFO] in run: Application startup complete
2026-03-18 15:56:33,564 [INFO] in run: Application startup complete
2026-03-18 18:14:38,079 [INFO] in run: Application startup complete
2026-03-18 18:16:10,152 [INFO] in run: Application startup complete
2026-04-21 20:36:53,029 [INFO] in run: Application startup complete
2026-04-21 20:36:55,988 [INFO] in run: Application startup complete
2026-04-21 20:42:15,351 [INFO] in run: Application startup complete
2026-04-21 20:42:18,840 [INFO] in run: Application startup complete
2026-04-21 20:47:07,783 [INFO] in run: Application startup complete
2026-04-21 20:47:11,254 [INFO] in run: Application startup complete
2026-04-29 16:51:57,550 [INFO] in run: Application startup complete
2026-04-29 16:51:57,551 [ERROR] in run: Error while initializing database
Traceback (most recent call last):
  File "E:\evoto-crm 3\evoto-crm\otoi.apis-main\run.py", line 72, in <module>
    create_database(app)
TypeError: create_database() takes 0 positional arguments but 1 was given
2026-04-29 16:52:01,510 [INFO] in run: Application startup complete
2026-04-29 16:52:01,511 [ERROR] in run: Error while initializing database
Traceback (most recent call last):
  File "E:\evoto-crm 3\evoto-crm\otoi.apis-main\run.py", line 72, in <module>
    create_database(app)
TypeError: create_database() takes 0 positional arguments but 1 was given
2026-04-29 16:52:42,246 [INFO] in run: Application startup complete
2026-04-29 16:52:42,246 [ERROR] in run: Error while initializing database
Traceback (most recent call last):
  File "E:\evoto-crm 3\evoto-crm\otoi.apis-main\run.py", line 72, in <module>
    create_database(app)
TypeError: create_database() takes 0 positional arguments but 1 was given
2026-04-29 16:52:48,952 [INFO] in run: Application startup complete
2026-04-29 16:52:48,952 [ERROR] in run: Error while initializing database
Traceback (most recent call last):
  File "E:\evoto-crm 3\evoto-crm\otoi.apis-main\run.py", line 72, in <module>
    create_database(app)
TypeError: create_database() takes 0 positional arguments but 1 was given
2026-04-29 16:52:55,497 [INFO] in run: Application startup complete
2026-04-29 16:52:55,498 [ERROR] in run: Error while initializing database
Traceback (most recent call last):
  File "E:\evoto-crm 3\evoto-crm\otoi.apis-main\run.py", line 72, in <module>
    create_database(app)
TypeError: create_database() takes 0 positional arguments but 1 was given
2026-04-29 16:53:02,116 [INFO] in run: Application startup complete
2026-04-29 16:53:02,117 [ERROR] in run: Error while initializing database
Traceback (most recent call last):
  File "E:\evoto-crm 3\evoto-crm\otoi.apis-main\run.py", line 72, in <module>
    create_database(app)
TypeError: create_database() takes 0 positional arguments but 1 was given
2026-04-29 16:53:10,763 [INFO] in run: Application startup complete
2026-04-29 16:53:10,764 [ERROR] in run: Error while initializing database
Traceback (most recent call last):
  File "E:\evoto-crm 3\evoto-crm\otoi.apis-main\run.py", line 72, in <module>
    create_database(app)
TypeError: create_database() takes 0 positional arguments but 1 was given
2026-04-29 16:53:18,595 [INFO] in run: Application startup complete
2026-04-29 16:53:18,595 [ERROR] in run: Error while initializing database
Traceback (most recent call last):
  File "E:\evoto-crm 3\evoto-crm\otoi.apis-main\run.py", line 72, in <module>
    create_database(app)
TypeError: create_database() takes 0 positional arguments but 1 was given
2026-04-29 16:53:27,948 [INFO] in run: Application startup complete
2026-04-29 16:53:27,949 [ERROR] in run: Error while initializing database
Traceback (most recent call last):
  File "E:\evoto-crm 3\evoto-crm\otoi.apis-main\run.py", line 72, in <module>
    create_database(app)
TypeError: create_database() takes 0 positional arguments but 1 was given
2026-04-29 16:53:36,156 [INFO] in run: Application startup complete
2026-04-29 16:53:36,156 [ERROR] in run: Error while initializing database
Traceback (most recent call last):
  File "E:\evoto-crm 3\evoto-crm\otoi.apis-main\run.py", line 72, in <module>
    create_database(app)
TypeError: create_database() takes 0 positional arguments but 1 was given
2026-04-29 16:53:44,668 [INFO] in run: Application startup complete
2026-04-29 16:53:44,669 [ERROR] in run: Error while initializing database
Traceback (most recent call last):
  File "E:\evoto-crm 3\evoto-crm\otoi.apis-main\run.py", line 72, in <module>
    create_database(app)
TypeError: create_database() takes 0 positional arguments but 1 was given
2026-04-29 16:54:02,969 [INFO] in run: Application startup complete
2026-04-29 16:54:02,969 [ERROR] in run: Error while initializing database
Traceback (most recent call last):
  File "E:\evoto-crm 3\evoto-crm\otoi.apis-main\run.py", line 72, in <module>
    create_database(app)
TypeError: create_database() takes 0 positional arguments but 1 was given
2026-04-29 16:54:10,754 [INFO] in run: Application startup complete
2026-04-29 16:54:10,755 [ERROR] in run: Error while initializing database
Traceback (most recent call last):
  File "E:\evoto-crm 3\evoto-crm\otoi.apis-main\run.py", line 72, in <module>
    create_database(app)
TypeError: create_database() takes 0 positional arguments but 1 was given
2026-04-29 16:54:17,912 [INFO] in run: Application startup complete
2026-04-29 16:54:17,912 [ERROR] in run: Error while initializing database
Traceback (most recent call last):
  File "E:\evoto-crm 3\evoto-crm\otoi.apis-main\run.py", line 72, in <module>
    create_database(app)
TypeError: create_database() takes 0 positional arguments but 1 was given
2026-04-29 16:54:54,509 [INFO] in run: Application startup complete
2026-04-29 16:54:54,509 [ERROR] in run: Error while initializing database
Traceback (most recent call last):
  File "E:\evoto-crm 3\evoto-crm\otoi.apis-main\run.py", line 72, in <module>
    create_database(app)
TypeError: create_database() takes 0 positional arguments but 1 was given
2026-04-29 16:55:07,046 [INFO] in run: Application startup complete
2026-04-29 16:55:07,046 [ERROR] in run: Error while initializing database
Traceback (most recent call last):
  File "E:\evoto-crm 3\evoto-crm\otoi.apis-main\run.py", line 72, in <module>
    create_database(app)
TypeError: create_database() takes 0 positional arguments but 1 was given
2026-04-29 16:55:22,706 [INFO] in run: Application startup complete
2026-04-29 16:55:22,707 [ERROR] in run: Error while initializing database
Traceback (most recent call last):
  File "E:\evoto-crm 3\evoto-crm\otoi.apis-main\run.py", line 72, in <module>
    create_database(app)
TypeError: create_database() takes 0 positional arguments but 1 was given
2026-04-29 16:55:36,412 [INFO] in run: Application startup complete
2026-04-29 16:55:36,413 [ERROR] in run: Error while initializing database
Traceback (most recent call last):
  File "E:\evoto-crm 3\evoto-crm\otoi.apis-main\run.py", line 72, in <module>
    create_database(app)
TypeError: create_database() takes 0 positional arguments but 1 was given
2026-04-29 16:56:23,130 [INFO] in run: Application startup complete
2026-04-29 16:56:23,131 [ERROR] in run: Error while initializing database
Traceback (most recent call last):
  File "E:\evoto-crm 3\evoto-crm\otoi.apis-main\run.py", line 72, in <module>
    create_database(app)
TypeError: create_database() takes 0 positional arguments but 1 was given
2026-04-29 16:56:40,130 [INFO] in run: Application startup complete
2026-04-29 16:56:40,130 [ERROR] in run: Error while initializing database
Traceback (most recent call last):
  File "E:\evoto-crm 3\evoto-crm\otoi.apis-main\run.py", line 72, in <module>
    create_database(app)
TypeError: create_database() takes 0 positional arguments but 1 was given
2026-04-29 16:56:49,606 [INFO] in run: Application startup complete
2026-04-29 16:56:49,606 [ERROR] in run: Error while initializing database
Traceback (most recent call last):
  File "E:\evoto-crm 3\evoto-crm\otoi.apis-main\run.py", line 72, in <module>
    create_database(app)
TypeError: create_database() takes 0 positional arguments but 1 was given
2026-04-29 16:57:01,316 [INFO] in run: Application startup complete
2026-04-29 16:57:01,317 [ERROR] in run: Error while initializing database
Traceback (most recent call last):
  File "E:\evoto-crm 3\evoto-crm\otoi.apis-main\run.py", line 72, in <module>
    create_database(app)
TypeError: create_database() takes 0 positional arguments but 1 was given
2026-04-29 16:57:16,271 [INFO] in run: Application startup complete
2026-04-29 16:57:16,272 [ERROR] in run: Error while initializing database
Traceback (most recent call last):
  File "E:\evoto-crm 3\evoto-crm\otoi.apis-main\run.py", line 72, in <module>
    create_database(app)
TypeError: create_database() takes 0 positional arguments but 1 was given
2026-04-29 16:57:21,942 [INFO] in run: Application startup complete
2026-04-29 16:57:21,943 [ERROR] in run: Error while initializing database
Traceback (most recent call last):
  File "E:\evoto-crm 3\evoto-crm\otoi.apis-main\run.py", line 72, in <module>
    create_database(app)
TypeError: create_database() takes 0 positional arguments but 1 was given
2026-04-29 16:57:56,390 [INFO] in run: Application startup complete
2026-04-29 16:57:56,390 [ERROR] in run: Error while initializing database
Traceback (most recent call last):
  File "E:\evoto-crm 3\evoto-crm\otoi.apis-main\run.py", line 72, in <module>
    create_database(app)
TypeError: create_database() takes 0 positional arguments but 1 was given
2026-04-29 16:58:43,096 [INFO] in run: Application startup complete
2026-04-29 16:58:43,097 [ERROR] in run: Error while initializing database
Traceback (most recent call last):
  File "E:\evoto-crm 3\evoto-crm\otoi.apis-main\run.py", line 72, in <module>
    create_database(app)
TypeError: create_database() takes 0 positional arguments but 1 was given
2026-04-29 16:58:52,033 [INFO] in run: Application startup complete
2026-04-29 16:58:52,033 [ERROR] in run: Error while initializing database
Traceback (most recent call last):
  File "E:\evoto-crm 3\evoto-crm\otoi.apis-main\run.py", line 72, in <module>
    create_database(app)
TypeError: create_database() takes 0 positional arguments but 1 was given
2026-04-29 16:59:13,618 [INFO] in run: Application startup complete
2026-04-29 16:59:13,621 [ERROR] in run: Error while initializing database
Traceback (most recent call last):
  File "E:\evoto-crm 3\evoto-crm\otoi.apis-main\run.py", line 72, in <module>
    create_database(app)
TypeError: create_database() takes 0 positional arguments but 1 was given
2026-04-29 16:59:45,302 [INFO] in run: Application startup complete
2026-04-29 16:59:45,303 [ERROR] in run: Error while initializing database
Traceback (most recent call last):
  File "E:\evoto-crm 3\evoto-crm\otoi.apis-main\run.py", line 72, in <module>
    create_database(app)
TypeError: create_database() takes 0 positional arguments but 1 was given
2026-04-29 17:00:12,743 [INFO] in run: Application startup complete
2026-04-29 17:00:12,743 [ERROR] in run: Error while initializing database
Traceback (most recent call last):
  File "E:\evoto-crm 3\evoto-crm\otoi.apis-main\run.py", line 72, in <module>
    create_database(app)
TypeError: create_database() takes 0 positional arguments but 1 was given
2026-04-29 17:00:36,659 [INFO] in run: Application startup complete
2026-04-29 17:00:36,660 [ERROR] in run: Error while initializing database
Traceback (most recent call last):
  File "E:\evoto-crm 3\evoto-crm\otoi.apis-main\run.py", line 72, in <module>
    create_database(app)
TypeError: create_database() takes 0 positional arguments but 1 was given
2026-04-29 17:00:49,078 [INFO] in run: Application startup complete
2026-04-29 17:00:49,079 [ERROR] in run: Error while initializing database
Traceback (most recent call last):
  File "E:\evoto-crm 3\evoto-crm\otoi.apis-main\run.py", line 72, in <module>
    create_database(app)
TypeError: create_database() takes 0 positional arguments but 1 was given
2026-04-29 17:01:26,750 [INFO] in run: Application startup complete
2026-04-29 17:01:26,751 [ERROR] in run: Error while initializing database
Traceback (most recent call last):
  File "E:\evoto-crm 3\evoto-crm\otoi.apis-main\run.py", line 72, in <module>
    create_database(app)
TypeError: create_database() takes 0 positional arguments but 1 was given
2026-04-29 17:01:37,060 [INFO] in run: Application startup complete
2026-04-29 17:01:37,061 [ERROR] in run: Error while initializing database
Traceback (most recent call last):
  File "E:\evoto-crm 3\evoto-crm\otoi.apis-main\run.py", line 72, in <module>
    create_database(app)
TypeError: create_database() takes 0 positional arguments but 1 was given
2026-04-29 17:01:46,332 [INFO] in run: Application startup complete
2026-04-29 17:01:46,332 [ERROR] in run: Error while initializing database
Traceback (most recent call last):
  File "E:\evoto-crm 3\evoto-crm\otoi.apis-main\run.py", line 72, in <module>
    create_database(app)
TypeError: create_database() takes 0 positional arguments but 1 was given
2026-04-29 17:03:23,992 [INFO] in run: Application startup complete
2026-04-29 17:03:23,992 [ERROR] in run: Error while initializing database
Traceback (most recent call last):
  File "E:\evoto-crm 3\evoto-crm\otoi.apis-main\run.py", line 72, in <module>
    create_database(app)
TypeError: create_database() takes 0 positional arguments but 1 was given
2026-04-29 17:03:28,305 [INFO] in run: Application startup complete
2026-04-29 17:03:28,305 [ERROR] in run: Error while initializing database
Traceback (most recent call last):
  File "E:\evoto-crm 3\evoto-crm\otoi.apis-main\run.py", line 72, in <module>
    create_database(app)
TypeError: create_database() takes 0 positional arguments but 1 was given
2026-04-29 17:03:55,945 [INFO] in run: Application startup complete
2026-04-29 17:03:55,946 [ERROR] in run: Error while initializing database
Traceback (most recent call last):
  File "E:\evoto-crm 3\evoto-crm\otoi.apis-main\run.py", line 72, in <module>
    create_database(app)
TypeError: create_database() takes 0 positional arguments but 1 was given
2026-04-29 17:04:13,311 [INFO] in run: Application startup complete
2026-04-29 17:04:13,311 [ERROR] in run: Error while initializing database
Traceback (most recent call last):
  File "E:\evoto-crm 3\evoto-crm\otoi.apis-main\run.py", line 72, in <module>
    create_database(app)
TypeError: create_database() takes 0 positional arguments but 1 was given
2026-04-29 17:15:51,725 [INFO] in run: Application startup complete
2026-04-29 17:15:51,731 [ERROR] in run: Error while initializing database
Traceback (most recent call last):
  File "E:\evoto-crm 3\evoto-crm\otoi.apis-main\run.py", line 72, in <module>
    create_database(app)
TypeError: create_database() takes 0 positional arguments but 1 was given
2026-04-29 17:15:56,440 [INFO] in run: Application startup complete
2026-04-29 17:15:56,440 [ERROR] in run: Error while initializing database
Traceback (most recent call last):
  File "E:\evoto-crm 3\evoto-crm\otoi.apis-main\run.py", line 72, in <module>
    create_database(app)
TypeError: create_database() takes 0 positional arguments but 1 was given
2026-04-29 17:16:33,932 [INFO] in run: Application startup complete
2026-04-29 17:16:33,934 [ERROR] in run: Error while initializing database
Traceback (most recent call last):
  File "E:\evoto-crm 3\evoto-crm\otoi.apis-main\run.py", line 72, in <module>
    create_database(app)
TypeError: create_database() takes 0 positional arguments but 1 was given
2026-04-29 17:17:03,669 [INFO] in run: Application startup complete
2026-04-29 17:17:03,670 [ERROR] in run: Error while initializing database
Traceback (most recent call last):
  File "E:\evoto-crm 3\evoto-crm\otoi.apis-main\run.py", line 72, in <module>
    create_database(app)
TypeError: create_database() takes 0 positional arguments but 1 was given
2026-04-29 17:17:15,560 [INFO] in run: Application startup complete
2026-04-29 17:17:15,561 [ERROR] in run: Error while initializing database
Traceback (most recent call last):
  File "E:\evoto-crm 3\evoto-crm\otoi.apis-main\run.py", line 72, in <module>
    create_database(app)
TypeError: create_database() takes 0 positional arguments but 1 was given
2026-04-29 17:17:34,259 [INFO] in run: Application startup complete
2026-04-29 17:17:34,260 [ERROR] in run: Error while initializing database
Traceback (most recent call last):
  File "E:\evoto-crm 3\evoto-crm\otoi.apis-main\run.py", line 72, in <module>
    create_database(app)
TypeError: create_database() takes 0 positional arguments but 1 was given
2026-04-29 17:17:47,323 [INFO] in run: Application startup complete
2026-04-29 17:17:47,328 [ERROR] in run: Error while initializing database
Traceback (most recent call last):
  File "E:\evoto-crm 3\evoto-crm\otoi.apis-main\run.py", line 72, in <module>
    create_database(app)
TypeError: create_database() takes 0 positional arguments but 1 was given
2026-04-29 17:17:59,156 [INFO] in run: Application startup complete
2026-04-29 17:17:59,157 [ERROR] in run: Error while initializing database
Traceback (most recent call last):
  File "E:\evoto-crm 3\evoto-crm\otoi.apis-main\run.py", line 72, in <module>
    create_database(app)
TypeError: create_database() takes 0 positional arguments but 1 was given
2026-04-29 17:18:16,685 [INFO] in run: Application startup complete
2026-04-29 17:18:16,686 [ERROR] in run: Error while initializing database
Traceback (most recent call last):
  File "E:\evoto-crm 3\evoto-crm\otoi.apis-main\run.py", line 72, in <module>
    create_database(app)
TypeError: create_database() takes 0 positional arguments but 1 was given
2026-04-29 17:18:30,461 [INFO] in run: Application startup complete
2026-04-29 17:18:30,462 [ERROR] in run: Error while initializing database
Traceback (most recent call last):
  File "E:\evoto-crm 3\evoto-crm\otoi.apis-main\run.py", line 72, in <module>
    create_database(app)
TypeError: create_database() takes 0 positional arguments but 1 was given
2026-04-29 17:18:43,533 [INFO] in run: Application startup complete
2026-04-29 17:18:43,538 [ERROR] in run: Error while initializing database
Traceback (most recent call last):
  File "E:\evoto-crm 3\evoto-crm\otoi.apis-main\run.py", line 72, in <module>
    create_database(app)
TypeError: create_database() takes 0 positional arguments but 1 was given
2026-04-29 17:18:59,797 [INFO] in run: Application startup complete
2026-04-29 17:18:59,798 [ERROR] in run: Error while initializing database
Traceback (most recent call last):
  File "E:\evoto-crm 3\evoto-crm\otoi.apis-main\run.py", line 72, in <module>
    create_database(app)
TypeError: create_database() takes 0 positional arguments but 1 was given
2026-04-29 17:20:44,411 [INFO] in run: Application startup complete
2026-04-29 17:20:44,412 [ERROR] in run: Error while initializing database
Traceback (most recent call last):
  File "E:\evoto-crm 3\evoto-crm\otoi.apis-main\run.py", line 72, in <module>
    create_database(app)
TypeError: create_database() takes 0 positional arguments but 1 was given
2026-04-29 17:21:04,146 [INFO] in run: Application startup complete
2026-04-29 17:21:04,148 [ERROR] in run: Error while initializing database
Traceback (most recent call last):
  File "E:\evoto-crm 3\evoto-crm\otoi.apis-main\run.py", line 72, in <module>
    create_database(app)
TypeError: create_database() takes 0 positional arguments but 1 was given
2026-04-29 17:21:18,689 [INFO] in run: Application startup complete
2026-04-29 17:21:18,752 [ERROR] in run: Error while initializing database
Traceback (most recent call last):
  File "E:\evoto-crm 3\evoto-crm\otoi.apis-main\run.py", line 72, in <module>
    create_database(app)
TypeError: create_database() takes 0 positional arguments but 1 was given
2026-04-29 17:21:28,804 [INFO] in run: Application startup complete
2026-04-29 17:21:28,806 [ERROR] in run: Error while initializing database
Traceback (most recent call last):
  File "E:\evoto-crm 3\evoto-crm\otoi.apis-main\run.py", line 72, in <module>
    create_database(app)
TypeError: create_database() takes 0 positional arguments but 1 was given
2026-04-29 17:21:43,433 [INFO] in run: Application startup complete
2026-04-29 17:21:43,434 [ERROR] in run: Error while initializing database
Traceback (most recent call last):
  File "E:\evoto-crm 3\evoto-crm\otoi.apis-main\run.py", line 72, in <module>
    create_database(app)
TypeError: create_database() takes 0 positional arguments but 1 was given
2026-04-29 17:22:23,758 [INFO] in run: Application startup complete
2026-04-29 17:22:23,759 [ERROR] in run: Error while initializing database
Traceback (most recent call last):
  File "E:\evoto-crm 3\evoto-crm\otoi.apis-main\run.py", line 72, in <module>
    create_database(app)
TypeError: create_database() takes 0 positional arguments but 1 was given
2026-04-29 17:22:28,261 [INFO] in run: Application startup complete
2026-04-29 17:22:28,262 [ERROR] in run: Error while initializing database
Traceback (most recent call last):
  File "E:\evoto-crm 3\evoto-crm\otoi.apis-main\run.py", line 72, in <module>
    create_database(app)
TypeError: create_database() takes 0 positional arguments but 1 was given
2026-04-29 17:22:46,023 [INFO] in run: Application startup complete
2026-04-29 17:22:46,024 [ERROR] in run: Error while initializing database
Traceback (most recent call last):
  File "E:\evoto-crm 3\evoto-crm\otoi.apis-main\run.py", line 72, in <module>
    create_database(app)
TypeError: create_database() takes 0 positional arguments but 1 was given
2026-04-29 17:22:54,307 [INFO] in run: Application startup complete
2026-04-29 17:22:54,307 [ERROR] in run: Error while initializing database
Traceback (most recent call last):
  File "E:\evoto-crm 3\evoto-crm\otoi.apis-main\run.py", line 72, in <module>
    create_database(app)
TypeError: create_database() takes 0 positional arguments but 1 was given
2026-04-29 17:23:36,074 [INFO] in run: Application startup complete
2026-04-29 17:23:36,074 [ERROR] in run: Error while initializing database
Traceback (most recent call last):
  File "E:\evoto-crm 3\evoto-crm\otoi.apis-main\run.py", line 72, in <module>
    create_database(app)
TypeError: create_database() takes 0 positional arguments but 1 was given
2026-04-29 17:23:56,158 [INFO] in run: Application startup complete
2026-04-29 17:23:56,159 [ERROR] in run: Error while initializing database
Traceback (most recent call last):
  File "E:\evoto-crm 3\evoto-crm\otoi.apis-main\run.py", line 72, in <module>
    create_database(app)
TypeError: create_database() takes 0 positional arguments but 1 was given
2026-04-29 17:24:16,080 [INFO] in run: Application startup complete
2026-04-29 17:24:16,081 [ERROR] in run: Error while initializing database
Traceback (most recent call last):
  File "E:\evoto-crm 3\evoto-crm\otoi.apis-main\run.py", line 72, in <module>
    create_database(app)
TypeError: create_database() takes 0 positional arguments but 1 was given
2026-04-29 17:24:57,370 [INFO] in run: Application startup complete
2026-04-29 17:24:57,372 [ERROR] in run: Error while initializing database
Traceback (most recent call last):
  File "E:\evoto-crm 3\evoto-crm\otoi.apis-main\run.py", line 72, in <module>
    create_database(app)
TypeError: create_database() takes 0 positional arguments but 1 was given
2026-04-29 17:25:23,971 [INFO] in run: Application startup complete
2026-04-29 17:25:23,972 [ERROR] in run: Error while initializing database
Traceback (most recent call last):
  File "E:\evoto-crm 3\evoto-crm\otoi.apis-main\run.py", line 72, in <module>
    create_database(app)
TypeError: create_database() takes 0 positional arguments but 1 was given
2026-04-29 17:25:55,862 [INFO] in run: Application startup complete
2026-04-29 17:25:55,864 [ERROR] in run: Error while initializing database
Traceback (most recent call last):
  File "E:\evoto-crm 3\evoto-crm\otoi.apis-main\run.py", line 72, in <module>
    create_database(app)
TypeError: create_database() takes 0 positional arguments but 1 was given
2026-04-29 17:28:27,389 [INFO] in run: Application startup complete
2026-04-29 17:28:27,390 [ERROR] in run: Error while initializing database
Traceback (most recent call last):
  File "E:\evoto-crm 3\evoto-crm\otoi.apis-main\run.py", line 72, in <module>
    create_database(app)
TypeError: create_database() takes 0 positional arguments but 1 was given
2026-04-29 18:00:08,811 [INFO] in run: Application startup complete
2026-04-29 18:00:08,811 [ERROR] in run: Error while initializing database
Traceback (most recent call last):
  File "E:\evoto-crm 3\evoto-crm\otoi.apis-main\run.py", line 72, in <module>
    create_database(app)
TypeError: create_database() takes 0 positional arguments but 1 was given
2026-04-29 18:01:01,896 [INFO] in run: Application startup complete
2026-04-29 18:01:01,896 [ERROR] in run: Error while initializing database
Traceback (most recent call last):
  File "E:\evoto-crm 3\evoto-crm\otoi.apis-main\run.py", line 72, in <module>
    create_database(app)
TypeError: create_database() takes 0 positional arguments but 1 was given
2026-04-29 18:01:20,512 [INFO] in run: Application startup complete
2026-04-29 18:01:20,513 [ERROR] in run: Error while initializing database
Traceback (most recent call last):
  File "E:\evoto-crm 3\evoto-crm\otoi.apis-main\run.py", line 72, in <module>
    create_database(app)
TypeError: create_database() takes 0 positional arguments but 1 was given
2026-04-29 18:27:28,177 [INFO] in run: Application startup complete
2026-04-29 18:27:28,178 [ERROR] in run: Error while initializing database
Traceback (most recent call last):
  File "E:\evoto-crm 3\evoto-crm\otoi.apis-main\run.py", line 72, in <module>
    create_database(app)
TypeError: create_database() takes 0 positional arguments but 1 was given
2026-04-29 18:27:32,785 [INFO] in run: Application startup complete
2026-04-29 18:27:32,785 [ERROR] in run: Error while initializing database
Traceback (most recent call last):
  File "E:\evoto-crm 3\evoto-crm\otoi.apis-main\run.py", line 72, in <module>
    create_database(app)
TypeError: create_database() takes 0 positional arguments but 1 was given
2026-04-29 18:28:01,893 [INFO] in run: Application startup complete
2026-04-29 18:28:01,899 [ERROR] in run: Error while initializing database
Traceback (most recent call last):
  File "E:\evoto-crm 3\evoto-crm\otoi.apis-main\run.py", line 72, in <module>
    create_database(app)
TypeError: create_database() takes 0 positional arguments but 1 was given
2026-04-29 18:28:33,606 [INFO] in run: Application startup complete
2026-04-29 18:28:33,607 [ERROR] in run: Error while initializing database
Traceback (most recent call last):
  File "E:\evoto-crm 3\evoto-crm\otoi.apis-main\run.py", line 72, in <module>
    create_database(app)
TypeError: create_database() takes 0 positional arguments but 1 was given
2026-04-29 18:28:50,689 [INFO] in run: Application startup complete
2026-04-29 18:28:50,690 [ERROR] in run: Error while initializing database
Traceback (most recent call last):
  File "E:\evoto-crm 3\evoto-crm\otoi.apis-main\run.py", line 72, in <module>
    create_database(app)
TypeError: create_database() takes 0 positional arguments but 1 was given
2026-05-01 17:09:56,736 [INFO] in run: Application startup complete
2026-05-01 17:10:01,554 [INFO] in run: Database initialized and seeded successfully
2026-05-01 17:10:09,397 [INFO] in run: Application startup complete
2026-05-01 17:10:13,034 [INFO] in run: Database initialized and seeded successfully
2026-05-01 17:11:01,053 [INFO] in run: Application startup complete
2026-05-01 17:11:04,087 [INFO] in run: Database initialized and seeded successfully
2026-05-01 17:12:56,005 [INFO] in run: Application startup complete
2026-05-01 17:12:59,214 [INFO] in run: Database initialized and seeded successfully
2026-05-01 17:13:03,056 [INFO] in run: Application startup complete
2026-05-01 17:13:05,082 [INFO] in run: Database initialized and seeded successfully
2026-05-01 17:15:55,603 [INFO] in run: Application startup complete
2026-05-01 17:15:58,385 [INFO] in run: Database initialized and seeded successfully
2026-05-01 17:25:29,741 [INFO] in person: Syncing lead b11dd132-4ad3-4314-9512-85fe634567a7 with status 4
2026-05-01 17:25:29,770 [INFO] in person: Created/Updated customer c7388259-7673-4682-af13-07e321a88db5 for lead b11dd132-4ad3-4314-9512-85fe634567a7
2026-05-01 17:26:31,055 [INFO] in customer: Updating customer c7388259-7673-4682-af13-07e321a88db5 with data: {'shipping_addresses': [{'uuid': '1777636591454', 'address1': 'Building Number: 4004', 'address2': None, 'city': 'Chongqing', 'state': 'CQ', 'country': 'CN', 'pin': '88990', 'address_type': 'home', 'is_default': True}]}
2026-05-01 17:32:34,877 [INFO] in run: Application startup complete
2026-05-01 17:32:36,942 [INFO] in run: Database initialized and seeded successfully
2026-05-01 17:32:53,065 [INFO] in run: Application startup complete
2026-05-01 17:32:55,253 [INFO] in run: Database initialized and seeded successfully
2026-05-01 17:34:17,434 [INFO] in person: Syncing lead 6c7f8716-a8fb-425e-b05f-16485f80630c with status 4
2026-05-01 17:34:17,454 [INFO] in person: Created/Updated customer 1cf4a886-a4cd-480b-8be8-2c88796a0933 for lead 6c7f8716-a8fb-425e-b05f-16485f80630c
